<?xml version="1.0" encoding="UTF-8"?>
<testng-results total="2" passed="2" failed="0" skipped="0">
  <reporter-output>
  </reporter-output>
  <suite started-at="2024-07-25T04:54:02Z" name="Test Suite for Buildout" finished-at="2024-07-25T04:54:55Z" duration-ms="53209">
    <groups>
    </groups>
    <test started-at="2024-07-25T04:54:02Z" name="Test Cases for Buildout" finished-at="2024-07-25T04:54:55Z" duration-ms="53209">
      <class name="demo.TestCases">
        <test-method is-config="true" signature="startBrowser()[pri:0, instance:demo.TestCases@aafcffa]" started-at="2024-07-25T10:24:02Z" name="startBrowser" finished-at="2024-07-25T10:24:05Z" duration-ms="2694" status="PASS">
          <reporter-output>
          </reporter-output>
        </test-method> <!-- startBrowser -->
        <test-method signature="testCase01()[pri:0, instance:demo.TestCases@aafcffa]" started-at="2024-07-25T10:24:05Z" name="testCase01" finished-at="2024-07-25T10:24:41Z" duration-ms="35899" status="PASS">
          <reporter-output>
          </reporter-output>
        </test-method> <!-- testCase01 -->
        <test-method signature="testCase02()[pri:0, instance:demo.TestCases@aafcffa]" started-at="2024-07-25T10:24:41Z" name="testCase02" finished-at="2024-07-25T10:24:54Z" duration-ms="13804" status="PASS">
          <reporter-output>
          </reporter-output>
        </test-method> <!-- testCase02 -->
        <test-method is-config="true" signature="endTest()[pri:0, instance:demo.TestCases@aafcffa]" started-at="2024-07-25T10:24:54Z" name="endTest" finished-at="2024-07-25T10:24:55Z" duration-ms="794" status="PASS">
          <reporter-output>
          </reporter-output>
        </test-method> <!-- endTest -->
      </class> <!-- demo.TestCases -->
    </test> <!-- Test Cases for Buildout -->
  </suite> <!-- Test Suite for Buildout -->
</testng-results>
